#
# A fatal error has been detected by the Java Runtime Environment:
#
#  EXCEPTION_ACCESS_VIOLATION (0xc0000005) at pc=0x00007ffb3cd612de, pid=6496, tid=20200
#
# JRE version: OpenJDK Runtime Environment Temurin-17.0.1+12 (17.0.1+12) (build 17.0.1+12)
# Java VM: OpenJDK 64-Bit Server VM Temurin-17.0.1+12 (17.0.1+12, mixed mode, emulated-client, tiered, compressed oops, compressed class ptrs, g1 gc, windows-amd64)
# Problematic frame:
# C  [VCRUNTIME140.dll+0x12de]
#
# No core dump will be written. Minidumps are not enabled by default on client versions of Windows
#
# If you would like to submit a bug report, please visit:
#   https://github.com/adoptium/adoptium-support/issues
#

---------------  S U M M A R Y ------------

Command Line: -Dcom.sun.management.jmxremote -Dcom.sun.management.jmxremote.port=65234 -Dcom.sun.management.jmxremote.authenticate=false -Dcom.sun.management.jmxremote.ssl=false -Djava.rmi.server.hostname=localhost -Dspring.jmx.enabled=true -Dspring.application.admin.enabled=true -XX:TieredStopAtLevel=1 -Dspring.boot.project.name=SchedSys -Dfile.encoding=UTF-8 -XX:+ShowCodeDetailsInExceptionMessages com.oikostechnologies.schedsys.SchedSysApplication --spring.output.ansi.enabled=always

Host: Intel(R) Core(TM) i3-6100U CPU @ 2.30GHz, 4 cores, 7G,  Windows 10 , 64 bit Build 19041 (10.0.19041.1566)
Time: Mon Mar 21 10:39:49 2022 Malay Peninsula Standard Time elapsed time: 909.632309 seconds (0d 0h 15m 9s)

---------------  T H R E A D  ---------------

Current thread (0x0000021675160280):  JavaThread "C1 CompilerThread1" daemon [_thread_in_vm, id=20200, stack(0x000000918b800000,0x000000918b900000)]


Current CompileTask:
C1: 909632 9607   !   1       org.springframework.aop.framework.JdkDynamicAopProxy::invoke (575 bytes)

Stack: [0x000000918b800000,0x000000918b900000],  sp=0x000000918b8fe5f8,  free space=1017k
Native frames: (J=compiled Java code, j=interpreted, Vv=VM code, C=native code)
C  [VCRUNTIME140.dll+0x12de]
V  [jvm.dll+0x200e21]
V  [jvm.dll+0x1ff6b6]
V  [jvm.dll+0x649744]
V  [jvm.dll+0x64c624]
V  [jvm.dll+0x1c4a47]
V  [jvm.dll+0x133eb1]
V  [jvm.dll+0x13327a]
V  [jvm.dll+0x134f41]
V  [jvm.dll+0x226e38]
V  [jvm.dll+0x224f7c]
V  [jvm.dll+0x7e3f5b]
V  [jvm.dll+0x7de51a]
V  [jvm.dll+0x673305]
C  [ucrtbase.dll+0x21bb2]
C  [KERNEL32.DLL+0x17034]
C  [ntdll.dll+0x52651]


siginfo: EXCEPTION_ACCESS_VIOLATION (0xc0000005), writing address 0x000002166629e000


Register to memory mapping:

RIP=0x00007ffb3cd612de VCRUNTIME140.dll
RAX=0x000002166629cf20 is at entry_point+0 in (nmethod*)0x000002166629cb10
RBX=0x000000918b8ff018 is pointing into the stack for thread: 0x0000021675160280
RCX=0x0000000000000308 is an unknown value
RDX=0xffffffffffe61460 is an unknown value
RSP=0x000000918b8fe5f8 is pointing into the stack for thread: 0x0000021675160280
RBP=0x0000000000000002 is an unknown value
RSI=0x00000216660ff460 is at code_begin+4320 in 
[CodeBlob (0x00000216660fe310)]
Framesize: 0
BufferBlob (0x00000216660fe310) used for C1 temporary CodeBuffer
RDI=0x000002166629e000 is at entry_point+4320 in (nmethod*)0x000002166629cb10
R8 =0x00000000000013e8 is an unknown value
R9 =0x000002166629cf20 is at entry_point+0 in (nmethod*)0x000002166629cb10
R10=0x00000216660fe380 is at code_begin+0 in 
[CodeBlob (0x00000216660fe310)]
Framesize: 0
BufferBlob (0x00000216660fe310) used for C1 temporary CodeBuffer
R11=0x000002166629cf20 is at entry_point+0 in (nmethod*)0x000002166629cb10
R12=0x0000000000000003 is an unknown value
R13=0x0 is NULL
R14=0x00000000000007f0 is an unknown value
R15=0x000000918b8fef20 is pointing into the stack for thread: 0x0000021675160280


Registers:
RAX=0x000002166629cf20, RBX=0x000000918b8ff018, RCX=0x0000000000000308, RDX=0xffffffffffe61460
RSP=0x000000918b8fe5f8, RBP=0x0000000000000002, RSI=0x00000216660ff460, RDI=0x000002166629e000
R8 =0x00000000000013e8, R9 =0x000002166629cf20, R10=0x00000216660fe380, R11=0x000002166629cf20
R12=0x0000000000000003, R13=0x0000000000000000, R14=0x00000000000007f0, R15=0x000000918b8fef20
RIP=0x00007ffb3cd612de, EFLAGS=0x0000000000010202

Top of Stack: (sp=0x000000918b8fe5f8)
0x000000918b8fe5f8:   000000918b8fe730 000000918b8fe7a8
0x000000918b8fe608:   00007ffb0b110e21 ffffffffffffffff
0x000000918b8fe618:   00007ffb0b573eb5 00000216751a7b00
0x000000918b8fe628:   00007ffb0b7ab0b8 0000000000000000
0x000000918b8fe638:   00007ffb00000000 00000216728c60d8
0x000000918b8fe648:   00007ffb0afde1b3 0000000000000000
0x000000918b8fe658:   00007ffb0b157ac0 00000000000001c8
0x000000918b8fe668:   00000000000002e0 0000000000000039
0x000000918b8fe678:   0000021670aab800 0000000000000000
0x000000918b8fe688:   000000918b8fe740 0000000000000004
0x000000918b8fe698:   00007ffb678afde6 0000000000000000
0x000000918b8fe6a8:   00000000000004b0 00000000000003c4
0x000000918b8fe6b8:   0000021670aa0000 0000000000000000
0x000000918b8fe6c8:   00007ffb0b577220 000002166629cf20
0x000000918b8fe6d8:   fffffffffffff810 fffffffffffff848
0x000000918b8fe6e8:   0000000000000000 0000000000001636 

Instructions: (pc=0x00007ffb3cd612de)
0x00007ffb3cd611de:   cc cc cc cc cc cc cc cc 66 66 0f 1f 84 00 00 00
0x00007ffb3cd611ee:   00 00 48 2b d1 49 83 f8 08 72 22 f6 c1 07 74 14
0x00007ffb3cd611fe:   66 90 8a 01 3a 04 11 75 2c 48 ff c1 49 ff c8 f6
0x00007ffb3cd6120e:   c1 07 75 ee 4d 8b c8 49 c1 e9 03 75 1f 4d 85 c0
0x00007ffb3cd6121e:   74 0f 8a 01 3a 04 11 75 0c 48 ff c1 49 ff c8 75
0x00007ffb3cd6122e:   f1 48 33 c0 c3 1b c0 83 d8 ff c3 90 49 c1 e9 02
0x00007ffb3cd6123e:   74 37 48 8b 01 48 3b 04 11 75 5b 48 8b 41 08 48
0x00007ffb3cd6124e:   3b 44 11 08 75 4c 48 8b 41 10 48 3b 44 11 10 75
0x00007ffb3cd6125e:   3d 48 8b 41 18 48 3b 44 11 18 75 2e 48 83 c1 20
0x00007ffb3cd6126e:   49 ff c9 75 cd 49 83 e0 1f 4d 8b c8 49 c1 e9 03
0x00007ffb3cd6127e:   74 9b 48 8b 01 48 3b 04 11 75 1b 48 83 c1 08 49
0x00007ffb3cd6128e:   ff c9 75 ee 49 83 e0 07 eb 83 48 83 c1 08 48 83
0x00007ffb3cd6129e:   c1 08 48 83 c1 08 48 8b 0c 0a 48 0f c8 48 0f c9
0x00007ffb3cd612ae:   48 3b c1 1b c0 83 d8 ff c3 cc cc cc cc cc cc cc
0x00007ffb3cd612be:   cc cc cc cc cc cc cc cc 66 66 0f 1f 84 00 00 00
0x00007ffb3cd612ce:   00 00 57 56 49 8b c3 48 8b f9 49 8b c8 49 8b f2
0x00007ffb3cd612de:   f3 a4 5e 5f c3 cc cc cc cc cc cc 0f 1f 80 00 00
0x00007ffb3cd612ee:   00 00 4c 8b d9 4c 8b d2 49 83 f8 10 76 54 49 83
0x00007ffb3cd612fe:   f8 20 76 2e 48 2b d1 73 0d 4b 8d 04 10 48 3b c8
0x00007ffb3cd6130e:   0f 82 dc 02 00 00 49 81 f8 80 00 00 00 0f 86 0f
0x00007ffb3cd6131e:   02 00 00 f6 05 94 30 01 00 02 0f 84 52 01 00 00
0x00007ffb3cd6132e:   eb a0 0f 10 02 42 0f 10 4c 02 f0 0f 11 01 42 0f
0x00007ffb3cd6133e:   11 4c 01 f0 48 8b c1 c3 66 66 0f 1f 84 00 00 00
0x00007ffb3cd6134e:   00 00 48 8b c1 4c 8d 0d a6 ec ff ff 43 8b 8c 81
0x00007ffb3cd6135e:   00 60 01 00 49 03 c9 ff e1 66 0f 1f 84 00 00 00
0x00007ffb3cd6136e:   00 00 c3 0f b7 0a 66 89 08 c3 48 8b 0a 48 89 08
0x00007ffb3cd6137e:   c3 0f b7 0a 44 0f b6 42 02 66 89 08 44 88 40 02
0x00007ffb3cd6138e:   c3 0f b6 0a 88 08 c3 f3 0f 6f 02 f3 0f 7f 00 c3
0x00007ffb3cd6139e:   66 90 4c 8b 02 0f b7 4a 08 44 0f b6 4a 0a 4c 89
0x00007ffb3cd613ae:   00 66 89 48 08 44 88 48 0a c3 8b 0a 89 08 c3 0f
0x00007ffb3cd613be:   1f 00 8b 0a 44 0f b6 42 04 89 08 44 88 40 04 c3
0x00007ffb3cd613ce:   66 90 8b 0a 44 0f b7 42 04 89 08 66 44 89 40 04 


Stack slot to memory mapping:
stack at sp + 0 slots: 0x000000918b8fe730 is pointing into the stack for thread: 0x0000021675160280
stack at sp + 1 slots: 0x000000918b8fe7a8 is pointing into the stack for thread: 0x0000021675160280
stack at sp + 2 slots: 0x00007ffb0b110e21 jvm.dll
stack at sp + 3 slots: 0xffffffffffffffff is an unknown value
stack at sp + 4 slots: 0x00007ffb0b573eb5 jvm.dll
stack at sp + 5 slots: 0x00000216751a7b00 points into unknown readable memory: 0x2451f00a640a900d | 0d 90 0a 64 0a f0 51 24
stack at sp + 6 slots: 0x00007ffb0b7ab0b8 jvm.dll
stack at sp + 7 slots: 0x0 is NULL


---------------  P R O C E S S  ---------------

Threads class SMR info:
_java_thread_list=0x0000021674e7a720, length=34, elements={
0x000002166f7bbb00, 0x000002166f7bc640, 0x000002166f81b8d0, 0x000002166f81c190,
0x000002166f81d1f0, 0x000002166f81e9f0, 0x000002166f8247c0, 0x0000021670401830,
0x0000021670481850, 0x00000216705dc640, 0x0000021670c22ed0, 0x0000021670c23520,
0x0000021670c22170, 0x00000216724ffd90, 0x0000021672500260, 0x000002167285b100,
0x000002167285b5d0, 0x00000216729b7070, 0x00000216729b8880, 0x00000216729b7a10,
0x00000216729b9220, 0x00000216729b8d50, 0x00000216729ba560, 0x00000216729b9bc0,
0x00000216729baa30, 0x00000216729ba090, 0x00000216729b96f0, 0x00000216729b7540,
0x00000216729b7ee0, 0x00000216729b83b0, 0x0000021674ef98f0, 0x0000021674ef4bf0,
0x0000021674ef5590, 0x0000021675160280
}

Java Threads: ( => current thread )
  0x000002166f7bbb00 JavaThread "Reference Handler" daemon [_thread_blocked, id=18660, stack(0x000000918c100000,0x000000918c200000)]
  0x000002166f7bc640 JavaThread "Finalizer" daemon [_thread_blocked, id=6740, stack(0x000000918c200000,0x000000918c300000)]
  0x000002166f81b8d0 JavaThread "Signal Dispatcher" daemon [_thread_blocked, id=10004, stack(0x000000918c300000,0x000000918c400000)]
  0x000002166f81c190 JavaThread "Attach Listener" daemon [_thread_blocked, id=18008, stack(0x000000918c400000,0x000000918c500000)]
  0x000002166f81d1f0 JavaThread "Service Thread" daemon [_thread_blocked, id=8252, stack(0x000000918c500000,0x000000918c600000)]
  0x000002166f81e9f0 JavaThread "Monitor Deflation Thread" daemon [_thread_blocked, id=6020, stack(0x000000918c600000,0x000000918c700000)]
  0x000002166f8247c0 JavaThread "C1 CompilerThread0" daemon [_thread_blocked, id=10976, stack(0x000000918c700000,0x000000918c800000)]
  0x0000021670401830 JavaThread "Sweeper thread" daemon [_thread_blocked, id=18080, stack(0x000000918c800000,0x000000918c900000)]
  0x0000021670481850 JavaThread "Common-Cleaner" daemon [_thread_blocked, id=18772, stack(0x000000918c900000,0x000000918ca00000)]
  0x00000216705dc640 JavaThread "Notification Thread" daemon [_thread_blocked, id=13968, stack(0x000000918cc00000,0x000000918cd00000)]
  0x0000021670c22ed0 JavaThread "RMI TCP Accept-0" daemon [_thread_in_native, id=17476, stack(0x000000918cd00000,0x000000918ce00000)]
  0x0000021670c23520 JavaThread "RMI TCP Accept-65234" daemon [_thread_in_native, id=1780, stack(0x000000918ce00000,0x000000918cf00000)]
  0x0000021670c22170 JavaThread "RMI TCP Accept-0" daemon [_thread_in_native, id=8260, stack(0x000000918cf00000,0x000000918d000000)]
  0x00000216724ffd90 JavaThread "Catalina-utility-1" [_thread_blocked, id=6208, stack(0x000000918d800000,0x000000918d900000)]
  0x0000021672500260 JavaThread "Catalina-utility-2" [_thread_blocked, id=9936, stack(0x000000918d900000,0x000000918da00000)]
  0x000002167285b100 JavaThread "container-0" [_thread_blocked, id=13320, stack(0x000000918da00000,0x000000918db00000)]
  0x000002167285b5d0 JavaThread "mysql-cj-abandoned-connection-cleanup" daemon [_thread_blocked, id=15540, stack(0x000000918db00000,0x000000918dc00000)]
  0x00000216729b7070 JavaThread "HikariPool-1 housekeeper" daemon [_thread_blocked, id=9232, stack(0x000000918dc00000,0x000000918dd00000)]
  0x00000216729b8880 JavaThread "File Watcher" daemon [_thread_in_native, id=5024, stack(0x000000918dd00000,0x000000918de00000)]
  0x00000216729b7a10 JavaThread "Live Reload Server" daemon [_thread_in_native, id=18068, stack(0x000000918e000000,0x000000918e100000)]
  0x00000216729b9220 JavaThread "http-nio-8080-Poller" daemon [_thread_in_native, id=3728, stack(0x000000918df00000,0x000000918e000000)]
  0x00000216729b8d50 JavaThread "http-nio-8080-Acceptor" daemon [_thread_in_native, id=19292, stack(0x000000918e100000,0x000000918e200000)]
  0x00000216729ba560 JavaThread "DestroyJavaVM" [_thread_blocked, id=19108, stack(0x000000918ba00000,0x000000918bb00000)]
  0x00000216729b9bc0 JavaThread "http-nio-8080-exec-1" daemon [_thread_blocked, id=13816, stack(0x000000918d700000,0x000000918d800000)]
  0x00000216729baa30 JavaThread "http-nio-8080-exec-2" daemon [_thread_blocked, id=16980, stack(0x000000918de00000,0x000000918df00000)]
  0x00000216729ba090 JavaThread "http-nio-8080-exec-3" daemon [_thread_blocked, id=6604, stack(0x000000918e200000,0x000000918e300000)]
  0x00000216729b96f0 JavaThread "http-nio-8080-exec-4" daemon [_thread_blocked, id=13184, stack(0x000000918e300000,0x000000918e400000)]
  0x00000216729b7540 JavaThread "http-nio-8080-exec-5" daemon [_thread_blocked, id=15408, stack(0x000000918e400000,0x000000918e500000)]
  0x00000216729b7ee0 JavaThread "http-nio-8080-exec-6" daemon [_thread_blocked, id=20132, stack(0x000000918e500000,0x000000918e600000)]
  0x00000216729b83b0 JavaThread "http-nio-8080-exec-7" daemon [_thread_blocked, id=20368, stack(0x000000918e600000,0x000000918e700000)]
  0x0000021674ef98f0 JavaThread "http-nio-8080-exec-8" daemon [_thread_blocked, id=19156, stack(0x000000918e700000,0x000000918e800000)]
  0x0000021674ef4bf0 JavaThread "http-nio-8080-exec-9" daemon [_thread_blocked, id=15132, stack(0x000000918e800000,0x000000918e900000)]
  0x0000021674ef5590 JavaThread "http-nio-8080-exec-10" daemon [_thread_blocked, id=14288, stack(0x000000918e900000,0x000000918ea00000)]
=>0x0000021675160280 JavaThread "C1 CompilerThread1" daemon [_thread_in_vm, id=20200, stack(0x000000918b800000,0x000000918b900000)]

Other Threads:
  0x000002166f7e2f10 VMThread "VM Thread" [stack: 0x000000918c000000,0x000000918c100000] [id=4932]
  0x00000216603d9460 WatcherThread [stack: 0x000000918d000000,0x000000918d100000] [id=19056]
  0x00000216603bf6f0 GCTaskThread "GC Thread#0" [stack: 0x000000918bb00000,0x000000918bc00000] [id=3664]
  0x0000021670cab820 GCTaskThread "GC Thread#1" [stack: 0x000000918d100000,0x000000918d200000] [id=10764]
  0x0000021670cabad0 GCTaskThread "GC Thread#2" [stack: 0x000000918d200000,0x000000918d300000] [id=13636]
  0x0000021670cedf20 GCTaskThread "GC Thread#3" [stack: 0x000000918d300000,0x000000918d400000] [id=5736]
  0x00000216603d09d0 ConcurrentGCThread "G1 Main Marker" [stack: 0x000000918bc00000,0x000000918bd00000] [id=19544]
  0x00000216603d12f0 ConcurrentGCThread "G1 Conc#0" [stack: 0x000000918bd00000,0x000000918be00000] [id=11404]
  0x000002166044a2d0 ConcurrentGCThread "G1 Refine#0" [stack: 0x000000918be00000,0x000000918bf00000] [id=12468]
  0x0000021670d13040 ConcurrentGCThread "G1 Refine#1" [stack: 0x000000918d400000,0x000000918d500000] [id=10868]
  0x0000021670d13320 ConcurrentGCThread "G1 Refine#2" [stack: 0x000000918d500000,0x000000918d600000] [id=16848]
  0x000002166044d2b0 ConcurrentGCThread "G1 Service" [stack: 0x000000918bf00000,0x000000918c000000] [id=12464]

Threads with active compile tasks:
C1 CompilerThread0   909800 9615       1       org.hibernate.loader.Loader::getRowsFromResultSet (189 bytes)
C1 CompilerThread1   909801 9607   !   1       org.springframework.aop.framework.JdkDynamicAopProxy::invoke (575 bytes)

VM state: not at safepoint (normal execution)

VM Mutex/Monitor currently owned by a thread:  ([mutex/lock_event])
[0x00000216603790a0] CodeCache_lock - owner thread: 0x0000021675160280
[0x000002166037a650] Compile_lock - owner thread: 0x0000021675160280
[0x000002166037b580] MethodCompileQueue_lock - owner thread: 0x0000021675160280

Heap address: 0x0000000081c00000, size: 2020 MB, Compressed Oops mode: 32-bit

CDS archive(s) not mapped
Compressed class space mapped at: 0x0000000100000000-0x0000000140000000, reserved size: 1073741824
Narrow klass base: 0x0000000000000000, Narrow klass shift: 3, Narrow klass range: 0x140000000

GC Precious Log:
 CPUs: 4 total, 4 available
 Memory: 8075M
 Large Page Support: Disabled
 NUMA Support: Disabled
 Compressed Oops: Enabled (32-bit)
 Heap Region Size: 1M
 Heap Min Capacity: 8M
 Heap Initial Capacity: 128M
 Heap Max Capacity: 2020M
 Pre-touch: Disabled
 Parallel Workers: 4
 Concurrent Workers: 1
 Concurrent Refinement Workers: 4
 Periodic GC: Disabled

Heap:
 garbage-first heap   total 144384K, used 107284K [0x0000000081c00000, 0x0000000100000000)
  region size 1024K, 72 young (73728K), 2 survivors (2048K)
 Metaspace       used 75832K, committed 76352K, reserved 1122304K
  class space    used 10249K, committed 10496K, reserved 1048576K

Heap Regions: E=young(eden), S=young(survivor), O=old, HS=humongous(starts), HC=humongous(continues), CS=collection set, F=free, OA=open archive, CA=closed archive, TAMS=top-at-mark-start (previous, next)
|   0|0x0000000081c00000, 0x0000000081d00000, 0x0000000081d00000|100%|HS|  |TAMS 0x0000000081d00000, 0x0000000081c00000| Complete 
|   1|0x0000000081d00000, 0x0000000081e00000, 0x0000000081e00000|100%| O|  |TAMS 0x0000000081e00000, 0x0000000081d00000| Untracked 
|   2|0x0000000081e00000, 0x0000000081f00000, 0x0000000081f00000|100%| O|  |TAMS 0x0000000081f00000, 0x0000000081e00000| Untracked 
|   3|0x0000000081f00000, 0x0000000082000000, 0x0000000082000000|100%| O|  |TAMS 0x0000000082000000, 0x0000000081f00000| Untracked 
|   4|0x0000000082000000, 0x0000000082100000, 0x0000000082100000|100%| O|  |TAMS 0x0000000082100000, 0x0000000082000000| Untracked 
|   5|0x0000000082100000, 0x0000000082200000, 0x0000000082200000|100%| O|  |TAMS 0x0000000082200000, 0x0000000082100000| Untracked 
|   6|0x0000000082200000, 0x0000000082300000, 0x0000000082300000|100%| O|  |TAMS 0x0000000082300000, 0x0000000082200000| Untracked 
|   7|0x0000000082300000, 0x0000000082400000, 0x0000000082400000|100%| O|  |TAMS 0x0000000082400000, 0x0000000082300000| Untracked 
|   8|0x0000000082400000, 0x0000000082500000, 0x0000000082500000|100%| O|  |TAMS 0x0000000082500000, 0x0000000082400000| Untracked 
|   9|0x0000000082500000, 0x0000000082600000, 0x0000000082600000|100%| O|  |TAMS 0x0000000082600000, 0x0000000082500000| Untracked 
|  10|0x0000000082600000, 0x0000000082700000, 0x0000000082700000|100%| O|  |TAMS 0x0000000082700000, 0x0000000082600000| Untracked 
|  11|0x0000000082700000, 0x0000000082800000, 0x0000000082800000|100%| O|  |TAMS 0x0000000082800000, 0x0000000082700000| Untracked 
|  12|0x0000000082800000, 0x0000000082900000, 0x0000000082900000|100%| O|  |TAMS 0x0000000082900000, 0x0000000082800000| Untracked 
|  13|0x0000000082900000, 0x000000008297d600, 0x0000000082a00000| 48%| O|  |TAMS 0x000000008297d600, 0x0000000082900000| Untracked 
|  14|0x0000000082a00000, 0x0000000082b00000, 0x0000000082b00000|100%| O|  |TAMS 0x0000000082b00000, 0x0000000082a00000| Untracked 
|  15|0x0000000082b00000, 0x0000000082c00000, 0x0000000082c00000|100%| O|  |TAMS 0x0000000082c00000, 0x0000000082b00000| Untracked 
|  16|0x0000000082c00000, 0x0000000082d00000, 0x0000000082d00000|100%| O|  |TAMS 0x0000000082d00000, 0x0000000082c00000| Untracked 
|  17|0x0000000082d00000, 0x0000000082e00000, 0x0000000082e00000|100%| O|  |TAMS 0x0000000082e00000, 0x0000000082d00000| Untracked 
|  18|0x0000000082e00000, 0x0000000082f00000, 0x0000000082f00000|100%| O|  |TAMS 0x0000000082f00000, 0x0000000082e00000| Untracked 
|  19|0x0000000082f00000, 0x0000000083000000, 0x0000000083000000|100%| O|  |TAMS 0x0000000083000000, 0x0000000082f00000| Untracked 
|  20|0x0000000083000000, 0x0000000083100000, 0x0000000083100000|100%| O|  |TAMS 0x0000000083100000, 0x0000000083000000| Untracked 
|  21|0x0000000083100000, 0x0000000083200000, 0x0000000083200000|100%| O|  |TAMS 0x0000000083200000, 0x0000000083100000| Untracked 
|  22|0x0000000083200000, 0x0000000083300000, 0x0000000083300000|100%| O|  |TAMS 0x0000000083200000, 0x0000000083200000| Untracked 
|  23|0x0000000083300000, 0x0000000083400000, 0x0000000083400000|100%| O|  |TAMS 0x0000000083300000, 0x0000000083300000| Untracked 
|  24|0x0000000083400000, 0x0000000083500000, 0x0000000083500000|100%| O|  |TAMS 0x0000000083400000, 0x0000000083400000| Untracked 
|  25|0x0000000083500000, 0x0000000083600000, 0x0000000083600000|100%| O|  |TAMS 0x0000000083500000, 0x0000000083500000| Untracked 
|  26|0x0000000083600000, 0x0000000083700000, 0x0000000083700000|100%| O|  |TAMS 0x0000000083600000, 0x0000000083600000| Untracked 
|  27|0x0000000083700000, 0x0000000083800000, 0x0000000083800000|100%| O|  |TAMS 0x0000000083700000, 0x0000000083700000| Untracked 
|  28|0x0000000083800000, 0x0000000083900000, 0x0000000083900000|100%| O|  |TAMS 0x0000000083800000, 0x0000000083800000| Untracked 
|  29|0x0000000083900000, 0x0000000083a00000, 0x0000000083a00000|100%| O|  |TAMS 0x0000000083900000, 0x0000000083900000| Untracked 
|  30|0x0000000083a00000, 0x0000000083b00000, 0x0000000083b00000|100%| O|  |TAMS 0x0000000083a00000, 0x0000000083a00000| Untracked 
|  31|0x0000000083b00000, 0x0000000083c00000, 0x0000000083c00000|100%| O|  |TAMS 0x0000000083b00000, 0x0000000083b00000| Untracked 
|  32|0x0000000083c00000, 0x0000000083d00000, 0x0000000083d00000|100%| O|  |TAMS 0x0000000083c00000, 0x0000000083c00000| Untracked 
|  33|0x0000000083d00000, 0x0000000083e00000, 0x0000000083e00000|100%| O|  |TAMS 0x0000000083d00000, 0x0000000083d00000| Untracked 
|  34|0x0000000083e00000, 0x0000000083f00000, 0x0000000083f00000|100%| O|  |TAMS 0x0000000083e00000, 0x0000000083e00000| Untracked 
|  35|0x0000000083f00000, 0x0000000083febc00, 0x0000000084000000| 92%| O|  |TAMS 0x0000000083f00000, 0x0000000083f00000| Untracked 
|  36|0x0000000084000000, 0x0000000084000000, 0x0000000084100000|  0%| F|  |TAMS 0x0000000084000000, 0x0000000084000000| Untracked 
|  37|0x0000000084100000, 0x0000000084100000, 0x0000000084200000|  0%| F|  |TAMS 0x0000000084100000, 0x0000000084100000| Untracked 
|  38|0x0000000084200000, 0x0000000084200000, 0x0000000084300000|  0%| F|  |TAMS 0x0000000084200000, 0x0000000084200000| Untracked 
|  39|0x0000000084300000, 0x0000000084300000, 0x0000000084400000|  0%| F|  |TAMS 0x0000000084300000, 0x0000000084300000| Untracked 
|  40|0x0000000084400000, 0x0000000084400000, 0x0000000084500000|  0%| F|  |TAMS 0x0000000084400000, 0x0000000084400000| Untracked 
|  41|0x0000000084500000, 0x0000000084500000, 0x0000000084600000|  0%| F|  |TAMS 0x0000000084500000, 0x0000000084500000| Untracked 
|  42|0x0000000084600000, 0x0000000084600000, 0x0000000084700000|  0%| F|  |TAMS 0x0000000084600000, 0x0000000084600000| Untracked 
|  43|0x0000000084700000, 0x0000000084700000, 0x0000000084800000|  0%| F|  |TAMS 0x0000000084700000, 0x0000000084700000| Untracked 
|  44|0x0000000084800000, 0x0000000084800000, 0x0000000084900000|  0%| F|  |TAMS 0x0000000084800000, 0x0000000084800000| Untracked 
|  45|0x0000000084900000, 0x0000000084900000, 0x0000000084a00000|  0%| F|  |TAMS 0x0000000084900000, 0x0000000084900000| Untracked 
|  46|0x0000000084a00000, 0x0000000084a00000, 0x0000000084b00000|  0%| F|  |TAMS 0x0000000084a00000, 0x0000000084a00000| Untracked 
|  47|0x0000000084b00000, 0x0000000084b00000, 0x0000000084c00000|  0%| F|  |TAMS 0x0000000084b00000, 0x0000000084b00000| Untracked 
|  48|0x0000000084c00000, 0x0000000084c00000, 0x0000000084d00000|  0%| F|  |TAMS 0x0000000084c00000, 0x0000000084c00000| Untracked 
|  49|0x0000000084d00000, 0x0000000084d00000, 0x0000000084e00000|  0%| F|  |TAMS 0x0000000084d00000, 0x0000000084d00000| Untracked 
|  50|0x0000000084e00000, 0x0000000084e00000, 0x0000000084f00000|  0%| F|  |TAMS 0x0000000084e00000, 0x0000000084e00000| Untracked 
|  51|0x0000000084f00000, 0x0000000084f00000, 0x0000000085000000|  0%| F|  |TAMS 0x0000000084f00000, 0x0000000084f00000| Untracked 
|  52|0x0000000085000000, 0x0000000085000000, 0x0000000085100000|  0%| F|  |TAMS 0x0000000085000000, 0x0000000085000000| Untracked 
|  53|0x0000000085100000, 0x0000000085100000, 0x0000000085200000|  0%| F|  |TAMS 0x0000000085100000, 0x0000000085100000| Untracked 
|  54|0x0000000085200000, 0x0000000085200000, 0x0000000085300000|  0%| F|  |TAMS 0x0000000085200000, 0x0000000085200000| Untracked 
|  55|0x0000000085300000, 0x0000000085300000, 0x0000000085400000|  0%| F|  |TAMS 0x0000000085300000, 0x0000000085300000| Untracked 
|  56|0x0000000085400000, 0x0000000085400000, 0x0000000085500000|  0%| F|  |TAMS 0x0000000085400000, 0x0000000085400000| Untracked 
|  57|0x0000000085500000, 0x0000000085500000, 0x0000000085600000|  0%| F|  |TAMS 0x0000000085500000, 0x0000000085500000| Untracked 
|  58|0x0000000085600000, 0x0000000085600000, 0x0000000085700000|  0%| F|  |TAMS 0x0000000085600000, 0x0000000085600000| Untracked 
|  59|0x0000000085700000, 0x0000000085700000, 0x0000000085800000|  0%| F|  |TAMS 0x0000000085700000, 0x0000000085700000| Untracked 
|  60|0x0000000085800000, 0x0000000085800000, 0x0000000085900000|  0%| F|  |TAMS 0x0000000085800000, 0x0000000085800000| Untracked 
|  61|0x0000000085900000, 0x0000000085900000, 0x0000000085a00000|  0%| F|  |TAMS 0x0000000085900000, 0x0000000085900000| Untracked 
|  62|0x0000000085a00000, 0x0000000085a00000, 0x0000000085b00000|  0%| F|  |TAMS 0x0000000085a00000, 0x0000000085a00000| Untracked 
|  63|0x0000000085b00000, 0x0000000085b00000, 0x0000000085c00000|  0%| F|  |TAMS 0x0000000085b00000, 0x0000000085b00000| Untracked 
|  64|0x0000000085c00000, 0x0000000085c00000, 0x0000000085d00000|  0%| F|  |TAMS 0x0000000085c00000, 0x0000000085c00000| Untracked 
|  65|0x0000000085d00000, 0x0000000085d00000, 0x0000000085e00000|  0%| F|  |TAMS 0x0000000085d00000, 0x0000000085d00000| Untracked 
|  66|0x0000000085e00000, 0x0000000085e00000, 0x0000000085f00000|  0%| F|  |TAMS 0x0000000085e00000, 0x0000000085e00000| Untracked 
|  67|0x0000000085f00000, 0x0000000085f00000, 0x0000000086000000|  0%| F|  |TAMS 0x0000000085f00000, 0x0000000085f00000| Untracked 
|  68|0x0000000086000000, 0x0000000086000000, 0x0000000086100000|  0%| F|  |TAMS 0x0000000086000000, 0x0000000086000000| Untracked 
|  69|0x0000000086100000, 0x000000008615bef8, 0x0000000086200000| 35%| S|CS|TAMS 0x0000000086100000, 0x0000000086100000| Complete 
|  70|0x0000000086200000, 0x0000000086300000, 0x0000000086300000|100%| S|CS|TAMS 0x0000000086200000, 0x0000000086200000| Complete 
|  71|0x0000000086300000, 0x00000000863db440, 0x0000000086400000| 85%| E|  |TAMS 0x0000000086300000, 0x0000000086300000| Complete 
|  72|0x0000000086400000, 0x0000000086500000, 0x0000000086500000|100%| E|CS|TAMS 0x0000000086400000, 0x0000000086400000| Complete 
|  73|0x0000000086500000, 0x0000000086600000, 0x0000000086600000|100%| E|CS|TAMS 0x0000000086500000, 0x0000000086500000| Complete 
|  74|0x0000000086600000, 0x0000000086700000, 0x0000000086700000|100%| E|CS|TAMS 0x0000000086600000, 0x0000000086600000| Complete 
|  75|0x0000000086700000, 0x0000000086800000, 0x0000000086800000|100%| E|CS|TAMS 0x0000000086700000, 0x0000000086700000| Complete 
|  76|0x0000000086800000, 0x0000000086900000, 0x0000000086900000|100%| E|CS|TAMS 0x0000000086800000, 0x0000000086800000| Complete 
|  77|0x0000000086900000, 0x0000000086a00000, 0x0000000086a00000|100%| E|CS|TAMS 0x0000000086900000, 0x0000000086900000| Complete 
|  78|0x0000000086a00000, 0x0000000086b00000, 0x0000000086b00000|100%| E|CS|TAMS 0x0000000086a00000, 0x0000000086a00000| Complete 
|  79|0x0000000086b00000, 0x0000000086c00000, 0x0000000086c00000|100%| E|CS|TAMS 0x0000000086b00000, 0x0000000086b00000| Complete 
|  80|0x0000000086c00000, 0x0000000086d00000, 0x0000000086d00000|100%| E|CS|TAMS 0x0000000086c00000, 0x0000000086c00000| Complete 
|  81|0x0000000086d00000, 0x0000000086e00000, 0x0000000086e00000|100%| E|CS|TAMS 0x0000000086d00000, 0x0000000086d00000| Complete 
|  82|0x0000000086e00000, 0x0000000086f00000, 0x0000000086f00000|100%| E|CS|TAMS 0x0000000086e00000, 0x0000000086e00000| Complete 
|  83|0x0000000086f00000, 0x0000000087000000, 0x0000000087000000|100%| E|CS|TAMS 0x0000000086f00000, 0x0000000086f00000| Complete 
|  84|0x0000000087000000, 0x0000000087100000, 0x0000000087100000|100%| E|CS|TAMS 0x0000000087000000, 0x0000000087000000| Complete 
|  85|0x0000000087100000, 0x0000000087200000, 0x0000000087200000|100%| E|CS|TAMS 0x0000000087100000, 0x0000000087100000| Complete 
|  86|0x0000000087200000, 0x0000000087300000, 0x0000000087300000|100%| E|CS|TAMS 0x0000000087200000, 0x0000000087200000| Complete 
|  87|0x0000000087300000, 0x0000000087400000, 0x0000000087400000|100%| E|CS|TAMS 0x0000000087300000, 0x0000000087300000| Complete 
|  88|0x0000000087400000, 0x0000000087500000, 0x0000000087500000|100%| E|CS|TAMS 0x0000000087400000, 0x0000000087400000| Complete 
|  89|0x0000000087500000, 0x0000000087600000, 0x0000000087600000|100%| E|CS|TAMS 0x0000000087500000, 0x0000000087500000| Complete 
|  90|0x0000000087600000, 0x0000000087700000, 0x0000000087700000|100%| E|CS|TAMS 0x0000000087600000, 0x0000000087600000| Complete 
|  91|0x0000000087700000, 0x0000000087800000, 0x0000000087800000|100%| E|CS|TAMS 0x0000000087700000, 0x0000000087700000| Complete 
|  92|0x0000000087800000, 0x0000000087900000, 0x0000000087900000|100%| E|CS|TAMS 0x0000000087800000, 0x0000000087800000| Complete 
|  93|0x0000000087900000, 0x0000000087a00000, 0x0000000087a00000|100%| E|CS|TAMS 0x0000000087900000, 0x0000000087900000| Complete 
|  94|0x0000000087a00000, 0x0000000087b00000, 0x0000000087b00000|100%| E|CS|TAMS 0x0000000087a00000, 0x0000000087a00000| Complete 
|  95|0x0000000087b00000, 0x0000000087c00000, 0x0000000087c00000|100%| E|CS|TAMS 0x0000000087b00000, 0x0000000087b00000| Complete 
|  96|0x0000000087c00000, 0x0000000087d00000, 0x0000000087d00000|100%| E|CS|TAMS 0x0000000087c00000, 0x0000000087c00000| Complete 
|  97|0x0000000087d00000, 0x0000000087e00000, 0x0000000087e00000|100%| E|CS|TAMS 0x0000000087d00000, 0x0000000087d00000| Complete 
|  98|0x0000000087e00000, 0x0000000087f00000, 0x0000000087f00000|100%| E|CS|TAMS 0x0000000087e00000, 0x0000000087e00000| Complete 
|  99|0x0000000087f00000, 0x0000000088000000, 0x0000000088000000|100%| E|CS|TAMS 0x0000000087f00000, 0x0000000087f00000| Complete 
| 100|0x0000000088000000, 0x0000000088100000, 0x0000000088100000|100%| E|CS|TAMS 0x0000000088000000, 0x0000000088000000| Complete 
| 101|0x0000000088100000, 0x0000000088200000, 0x0000000088200000|100%| E|CS|TAMS 0x0000000088100000, 0x0000000088100000| Complete 
| 102|0x0000000088200000, 0x0000000088300000, 0x0000000088300000|100%| E|CS|TAMS 0x0000000088200000, 0x0000000088200000| Complete 
| 103|0x0000000088300000, 0x0000000088400000, 0x0000000088400000|100%| E|CS|TAMS 0x0000000088300000, 0x0000000088300000| Complete 
| 104|0x0000000088400000, 0x0000000088500000, 0x0000000088500000|100%| E|CS|TAMS 0x0000000088400000, 0x0000000088400000| Complete 
| 105|0x0000000088500000, 0x0000000088600000, 0x0000000088600000|100%| E|CS|TAMS 0x0000000088500000, 0x0000000088500000| Complete 
| 106|0x0000000088600000, 0x0000000088700000, 0x0000000088700000|100%| E|CS|TAMS 0x0000000088600000, 0x0000000088600000| Complete 
| 107|0x0000000088700000, 0x0000000088800000, 0x0000000088800000|100%| E|CS|TAMS 0x0000000088700000, 0x0000000088700000| Complete 
| 108|0x0000000088800000, 0x0000000088900000, 0x0000000088900000|100%| E|CS|TAMS 0x0000000088800000, 0x0000000088800000| Complete 
| 109|0x0000000088900000, 0x0000000088a00000, 0x0000000088a00000|100%| E|CS|TAMS 0x0000000088900000, 0x0000000088900000| Complete 
| 110|0x0000000088a00000, 0x0000000088b00000, 0x0000000088b00000|100%| E|CS|TAMS 0x0000000088a00000, 0x0000000088a00000| Complete 
| 111|0x0000000088b00000, 0x0000000088c00000, 0x0000000088c00000|100%| E|CS|TAMS 0x0000000088b00000, 0x0000000088b00000| Complete 
| 112|0x0000000088c00000, 0x0000000088d00000, 0x0000000088d00000|100%| E|CS|TAMS 0x0000000088c00000, 0x0000000088c00000| Complete 
| 113|0x0000000088d00000, 0x0000000088e00000, 0x0000000088e00000|100%| E|  |TAMS 0x0000000088d00000, 0x0000000088d00000| Complete 
| 114|0x0000000088e00000, 0x0000000088f00000, 0x0000000088f00000|100%| E|CS|TAMS 0x0000000088e00000, 0x0000000088e00000| Complete 
| 115|0x0000000088f00000, 0x0000000089000000, 0x0000000089000000|100%| E|CS|TAMS 0x0000000088f00000, 0x0000000088f00000| Complete 
| 116|0x0000000089000000, 0x0000000089100000, 0x0000000089100000|100%| E|CS|TAMS 0x0000000089000000, 0x0000000089000000| Complete 
| 117|0x0000000089100000, 0x0000000089200000, 0x0000000089200000|100%| E|CS|TAMS 0x0000000089100000, 0x0000000089100000| Complete 
| 118|0x0000000089200000, 0x0000000089300000, 0x0000000089300000|100%| E|CS|TAMS 0x0000000089200000, 0x0000000089200000| Complete 
| 119|0x0000000089300000, 0x0000000089400000, 0x0000000089400000|100%| E|CS|TAMS 0x0000000089300000, 0x0000000089300000| Complete 
| 120|0x0000000089400000, 0x0000000089500000, 0x0000000089500000|100%| E|CS|TAMS 0x0000000089400000, 0x0000000089400000| Complete 
| 121|0x0000000089500000, 0x0000000089600000, 0x0000000089600000|100%| E|CS|TAMS 0x0000000089500000, 0x0000000089500000| Complete 
| 122|0x0000000089600000, 0x0000000089700000, 0x0000000089700000|100%| E|CS|TAMS 0x0000000089600000, 0x0000000089600000| Complete 
| 123|0x0000000089700000, 0x0000000089800000, 0x0000000089800000|100%| E|CS|TAMS 0x0000000089700000, 0x0000000089700000| Complete 
| 124|0x0000000089800000, 0x0000000089900000, 0x0000000089900000|100%| E|CS|TAMS 0x0000000089800000, 0x0000000089800000| Complete 
| 125|0x0000000089900000, 0x0000000089a00000, 0x0000000089a00000|100%| E|CS|TAMS 0x0000000089900000, 0x0000000089900000| Complete 
| 126|0x0000000089a00000, 0x0000000089b00000, 0x0000000089b00000|100%| E|CS|TAMS 0x0000000089a00000, 0x0000000089a00000| Complete 
| 127|0x0000000089b00000, 0x0000000089c00000, 0x0000000089c00000|100%| E|CS|TAMS 0x0000000089b00000, 0x0000000089b00000| Complete 
| 128|0x0000000089c00000, 0x0000000089d00000, 0x0000000089d00000|100%| E|CS|TAMS 0x0000000089c00000, 0x0000000089c00000| Complete 
| 129|0x0000000089d00000, 0x0000000089e00000, 0x0000000089e00000|100%| E|CS|TAMS 0x0000000089d00000, 0x0000000089d00000| Complete 
| 130|0x0000000089e00000, 0x0000000089f00000, 0x0000000089f00000|100%| E|CS|TAMS 0x0000000089e00000, 0x0000000089e00000| Complete 
| 131|0x0000000089f00000, 0x000000008a000000, 0x000000008a000000|100%| E|CS|TAMS 0x0000000089f00000, 0x0000000089f00000| Complete 
| 132|0x000000008a000000, 0x000000008a100000, 0x000000008a100000|100%| E|CS|TAMS 0x000000008a000000, 0x000000008a000000| Complete 
| 133|0x000000008a100000, 0x000000008a200000, 0x000000008a200000|100%| E|CS|TAMS 0x000000008a100000, 0x000000008a100000| Complete 
| 134|0x000000008a200000, 0x000000008a300000, 0x000000008a300000|100%| E|CS|TAMS 0x000000008a200000, 0x000000008a200000| Complete 
| 135|0x000000008a300000, 0x000000008a400000, 0x000000008a400000|100%| E|CS|TAMS 0x000000008a300000, 0x000000008a300000| Complete 
| 136|0x000000008a400000, 0x000000008a500000, 0x000000008a500000|100%| E|CS|TAMS 0x000000008a400000, 0x000000008a400000| Complete 
| 137|0x000000008a500000, 0x000000008a600000, 0x000000008a600000|100%| E|CS|TAMS 0x000000008a500000, 0x000000008a500000| Complete 
| 138|0x000000008a600000, 0x000000008a700000, 0x000000008a700000|100%| E|CS|TAMS 0x000000008a600000, 0x000000008a600000| Complete 
| 139|0x000000008a700000, 0x000000008a800000, 0x000000008a800000|100%| E|CS|TAMS 0x000000008a700000, 0x000000008a700000| Complete 
| 140|0x000000008a800000, 0x000000008a900000, 0x000000008a900000|100%| E|CS|TAMS 0x000000008a800000, 0x000000008a800000| Complete 

Card table byte_map: [0x0000021668a80000,0x0000021668e80000] _byte_map_base: 0x0000021668672000

Marking Bits (Prev, Next): (CMBitMap*) 0x00000216603bfc10, (CMBitMap*) 0x00000216603bfc50
 Prev Bits: [0x0000021669280000, 0x000002166b210000)
 Next Bits: [0x000002166b210000, 0x000002166d1a0000)

Polling page: 0x0000021660240000

Metaspace:

Usage:
  Non-class:     64.05 MB used.
      Class:     10.01 MB used.
       Both:     74.05 MB used.

Virtual space:
  Non-class space:       72.00 MB reserved,      64.31 MB ( 89%) committed,  9 nodes.
      Class space:        1.00 GB reserved,      10.25 MB (  1%) committed,  1 nodes.
             Both:        1.07 GB reserved,      74.56 MB (  7%) committed. 

Chunk freelists:
   Non-Class:  2.79 MB
       Class:  1.58 MB
        Both:  4.38 MB

MaxMetaspaceSize: unlimited
CompressedClassSpaceSize: 1.00 GB
Initial GC threshold: 21.00 MB
Current GC threshold: 103.44 MB
CDS: off
MetaspaceReclaimPolicy: balanced
 - commit_granule_bytes: 65536.
 - commit_granule_words: 8192.
 - virtual_space_node_default_size: 1048576.
 - enlarge_chunks_in_place: 1.
 - new_chunks_are_fully_committed: 0.
 - uncommit_free_chunks: 1.
 - use_allocation_guard: 0.
 - handle_deallocations: 1.


Internal statistics:

num_allocs_failed_limit: 12.
num_arena_births: 722.
num_arena_deaths: 0.
num_vsnodes_births: 10.
num_vsnodes_deaths: 0.
num_space_committed: 1193.
num_space_uncommitted: 0.
num_chunks_returned_to_freelist: 12.
num_chunks_taken_from_freelist: 3143.
num_chunk_merges: 12.
num_chunk_splits: 2168.
num_chunks_enlarged: 1621.
num_purges: 0.
num_inconsistent_stats: 0.

CodeCache: size=49152Kb used=17060Kb max_used=17505Kb free=32091Kb
 bounds [0x0000021665240000, 0x00000216663a0000, 0x0000021668240000]
 total_blobs=10304 nmethods=9608 adapters=620
 compilation: enabled
              stopped_count=0, restarted_count=0
 full_count=0

Compilation events (20 events):
Event: 909.563 Thread 0x0000021675160280 nmethod 9599 0x00000216662a4910 code [0x00000216662a4aa0, 0x00000216662a4b88]
Event: 909.563 Thread 0x0000021675160280 9601       1       org.hibernate.LockOptions::getAliasLockCount (19 bytes)
Event: 909.563 Thread 0x000002166f8247c0 nmethod 9600 0x00000216662a4490 code [0x00000216662a4640, 0x00000216662a47c8]
Event: 909.563 Thread 0x0000021675160280 nmethod 9601 0x00000216662a4110 code [0x00000216662a42c0, 0x00000216662a43e8]
Event: 909.575 Thread 0x0000021675160280 9602       1       org.hibernate.loader.Loader::initializeEntitiesAndCollections (417 bytes)
Event: 909.577 Thread 0x000002166f8247c0 9603       1       org.hibernate.engine.spi.EntityUniqueKey::<init> (49 bytes)
Event: 909.577 Thread 0x000002166f8247c0 nmethod 9603 0x00000216662a3b90 code [0x00000216662a3d40, 0x00000216662a4038]
Event: 909.577 Thread 0x000002166f8247c0 9604       1       org.hibernate.engine.spi.EntityUniqueKey::generateHashCode (51 bytes)
Event: 909.578 Thread 0x000002166f8247c0 nmethod 9604 0x00000216662a3710 code [0x00000216662a38c0, 0x00000216662a3a48]
Event: 909.578 Thread 0x0000021675160280 nmethod 9602 0x00000216662a0b10 code [0x00000216662a0f40, 0x00000216662a24c8]
Event: 909.588 Thread 0x000002166f8247c0 9605       1       org.hibernate.persister.entity.AbstractEntityPersister::getEntityMode (8 bytes)
Event: 909.588 Thread 0x000002166f8247c0 nmethod 9605 0x00000216662a0810 code [0x00000216662a09a0, 0x00000216662a0a78]
Event: 909.592 Thread 0x000002166f8247c0 9606       1       org.hibernate.internal.SessionImpl::setEnforcingFetchGraph (6 bytes)
Event: 909.592 Thread 0x000002166f8247c0 nmethod 9606 0x00000216662a0510 code [0x00000216662a06a0, 0x00000216662a0778]
Event: 909.603 Thread 0x0000021675160280 9607   !   1       org.springframework.aop.framework.JdkDynamicAopProxy::invoke (575 bytes)
Event: 909.603 Thread 0x000002166f8247c0 9608       1       org.hibernate.loader.Loader::preprocessSQL (60 bytes)
Event: 909.604 Thread 0x000002166f8247c0 nmethod 9608 0x000002166629fd10 code [0x000002166629ff00, 0x00000216662a0258]
Event: 909.604 Thread 0x000002166f8247c0 9609       1       org.hibernate.loader.Loader::processDistinctKeyword (49 bytes)
Event: 909.605 Thread 0x000002166f8247c0 nmethod 9609 0x000002166629f510 code [0x000002166629f700, 0x000002166629fae8]
Event: 909.605 Thread 0x000002166f8247c0 9615       1       org.hibernate.loader.Loader::getRowsFromResultSet (189 bytes)

GC Heap History (20 events):
Event: 8.212 GC heap before
{Heap before GC invocations=17 (full 0):
 garbage-first heap   total 65536K, used 52642K [0x0000000081c00000, 0x0000000100000000)
  region size 1024K, 36 young (36864K), 2 survivors (2048K)
 Metaspace       used 42997K, committed 43392K, reserved 1089536K
  class space    used 5609K, committed 5760K, reserved 1048576K
}
Event: 8.218 GC heap after
{Heap after GC invocations=18 (full 0):
 garbage-first heap   total 65536K, used 19523K [0x0000000081c00000, 0x0000000100000000)
  region size 1024K, 4 young (4096K), 4 survivors (4096K)
 Metaspace       used 42997K, committed 43392K, reserved 1089536K
  class space    used 5609K, committed 5760K, reserved 1048576K
}
Event: 9.902 GC heap before
{Heap before GC invocations=18 (full 0):
 garbage-first heap   total 65536K, used 52291K [0x0000000081c00000, 0x0000000100000000)
  region size 1024K, 36 young (36864K), 4 survivors (4096K)
 Metaspace       used 50923K, committed 51264K, reserved 1097728K
  class space    used 6660K, committed 6784K, reserved 1048576K
}
Event: 9.912 GC heap after
{Heap after GC invocations=19 (full 0):
 garbage-first heap   total 65536K, used 22103K [0x0000000081c00000, 0x0000000100000000)
  region size 1024K, 5 young (5120K), 5 survivors (5120K)
 Metaspace       used 50923K, committed 51264K, reserved 1097728K
  class space    used 6660K, committed 6784K, reserved 1048576K
}
Event: 11.247 GC heap before
{Heap before GC invocations=19 (full 0):
 garbage-first heap   total 65536K, used 51799K [0x0000000081c00000, 0x0000000100000000)
  region size 1024K, 34 young (34816K), 5 survivors (5120K)
 Metaspace       used 56255K, committed 56640K, reserved 1097728K
  class space    used 7505K, committed 7680K, reserved 1048576K
}
Event: 11.260 GC heap after
{Heap after GC invocations=20 (full 0):
 garbage-first heap   total 65536K, used 23763K [0x0000000081c00000, 0x0000000100000000)
  region size 1024K, 5 young (5120K), 5 survivors (5120K)
 Metaspace       used 56255K, committed 56640K, reserved 1097728K
  class space    used 7505K, committed 7680K, reserved 1048576K
}
Event: 12.523 GC heap before
{Heap before GC invocations=20 (full 0):
 garbage-first heap   total 65536K, used 48339K [0x0000000081c00000, 0x0000000100000000)
  region size 1024K, 31 young (31744K), 5 survivors (5120K)
 Metaspace       used 60253K, committed 60608K, reserved 1105920K
  class space    used 8010K, committed 8192K, reserved 1048576K
}
Event: 12.534 GC heap after
{Heap after GC invocations=21 (full 0):
 garbage-first heap   total 65536K, used 25278K [0x0000000081c00000, 0x0000000100000000)
  region size 1024K, 4 young (4096K), 4 survivors (4096K)
 Metaspace       used 60253K, committed 60608K, reserved 1105920K
  class space    used 8010K, committed 8192K, reserved 1048576K
}
Event: 13.284 GC heap before
{Heap before GC invocations=22 (full 0):
 garbage-first heap   total 65536K, used 51902K [0x0000000081c00000, 0x0000000100000000)
  region size 1024K, 30 young (30720K), 4 survivors (4096K)
 Metaspace       used 62713K, committed 63104K, reserved 1105920K
  class space    used 8392K, committed 8576K, reserved 1048576K
}
Event: 13.294 GC heap after
{Heap after GC invocations=23 (full 0):
 garbage-first heap   total 65536K, used 27305K [0x0000000081c00000, 0x0000000100000000)
  region size 1024K, 4 young (4096K), 4 survivors (4096K)
 Metaspace       used 62713K, committed 63104K, reserved 1105920K
  class space    used 8392K, committed 8576K, reserved 1048576K
}
Event: 13.783 GC heap before
{Heap before GC invocations=24 (full 0):
 garbage-first heap   total 65536K, used 51881K [0x0000000081c00000, 0x0000000100000000)
  region size 1024K, 28 young (28672K), 4 survivors (4096K)
 Metaspace       used 63728K, committed 64128K, reserved 1105920K
  class space    used 8539K, committed 8768K, reserved 1048576K
}
Event: 13.791 GC heap after
{Heap after GC invocations=25 (full 0):
 garbage-first heap   total 65536K, used 28225K [0x0000000081c00000, 0x0000000100000000)
  region size 1024K, 3 young (3072K), 3 survivors (3072K)
 Metaspace       used 63728K, committed 64128K, reserved 1105920K
  class space    used 8539K, committed 8768K, reserved 1048576K
}
Event: 14.190 GC heap before
{Heap before GC invocations=25 (full 0):
 garbage-first heap   total 65536K, used 52801K [0x0000000081c00000, 0x0000000100000000)
  region size 1024K, 27 young (27648K), 3 survivors (3072K)
 Metaspace       used 64329K, committed 64704K, reserved 1105920K
  class space    used 8629K, committed 8832K, reserved 1048576K
}
Event: 14.198 GC heap after
{Heap after GC invocations=26 (full 0):
 garbage-first heap   total 65536K, used 29131K [0x0000000081c00000, 0x0000000100000000)
  region size 1024K, 2 young (2048K), 2 survivors (2048K)
 Metaspace       used 64329K, committed 64704K, reserved 1105920K
  class space    used 8629K, committed 8832K, reserved 1048576K
}
Event: 14.700 GC heap before
{Heap before GC invocations=26 (full 0):
 garbage-first heap   total 65536K, used 52683K [0x0000000081c00000, 0x0000000100000000)
  region size 1024K, 25 young (25600K), 2 survivors (2048K)
 Metaspace       used 65807K, committed 66240K, reserved 1114112K
  class space    used 8839K, committed 9024K, reserved 1048576K
}
Event: 14.708 GC heap after
{Heap after GC invocations=27 (full 0):
 garbage-first heap   total 144384K, used 29820K [0x0000000081c00000, 0x0000000100000000)
  region size 1024K, 3 young (3072K), 3 survivors (3072K)
 Metaspace       used 65807K, committed 66240K, reserved 1114112K
  class space    used 8839K, committed 9024K, reserved 1048576K
}
Event: 76.360 GC heap before
{Heap before GC invocations=27 (full 0):
 garbage-first heap   total 144384K, used 109692K [0x0000000081c00000, 0x0000000100000000)
  region size 1024K, 82 young (83968K), 3 survivors (3072K)
 Metaspace       used 74919K, committed 75392K, reserved 1122304K
  class space    used 10088K, committed 10304K, reserved 1048576K
}
Event: 76.409 GC heap after
{Heap after GC invocations=28 (full 0):
 garbage-first heap   total 144384K, used 36530K [0x0000000081c00000, 0x0000000100000000)
  region size 1024K, 10 young (10240K), 10 survivors (10240K)
 Metaspace       used 74919K, committed 75392K, reserved 1122304K
  class space    used 10088K, committed 10304K, reserved 1048576K
}
Event: 654.311 GC heap before
{Heap before GC invocations=28 (full 0):
 garbage-first heap   total 144384K, used 108210K [0x0000000081c00000, 0x0000000100000000)
  region size 1024K, 80 young (81920K), 10 survivors (10240K)
 Metaspace       used 74925K, committed 75392K, reserved 1122304K
  class space    used 10089K, committed 10304K, reserved 1048576K
}
Event: 654.326 GC heap after
{Heap after GC invocations=29 (full 0):
 garbage-first heap   total 144384K, used 37652K [0x0000000081c00000, 0x0000000100000000)
  region size 1024K, 2 young (2048K), 2 survivors (2048K)
 Metaspace       used 74925K, committed 75392K, reserved 1122304K
  class space    used 10089K, committed 10304K, reserved 1048576K
}

Deoptimization events (20 events):
Event: 5.175 Thread 0x0000021670ff2450 DEOPT PACKING pc=0x00000216659710f5 sp=0x000000918d7fc160
Event: 5.175 Thread 0x0000021670ff2450 DEOPT UNPACKING pc=0x0000021665292b43 sp=0x000000918d7fb5d0 mode 3
Event: 5.887 Thread 0x0000021670ff2450 DEOPT PACKING pc=0x0000021665a0e8fd sp=0x000000918d7fc7f0
Event: 5.887 Thread 0x0000021670ff2450 DEOPT UNPACKING pc=0x0000021665292b43 sp=0x000000918d7fbd58 mode 3
Event: 6.392 Thread 0x0000021672500260 DEOPT PACKING pc=0x00000216656eb397 sp=0x000000918d9ff1e0
Event: 6.392 Thread 0x0000021672500260 DEOPT UNPACKING pc=0x0000021665292b43 sp=0x000000918d9fe638 mode 3
Event: 6.392 Thread 0x0000021670ff2450 DEOPT PACKING pc=0x000002166576c901 sp=0x000000918d7fdbb0
Event: 6.392 Thread 0x0000021670ff2450 DEOPT UNPACKING pc=0x0000021665292b43 sp=0x000000918d7fd040 mode 3
Event: 6.635 Thread 0x0000021670ff2450 DEOPT PACKING pc=0x0000021665a64385 sp=0x000000918d7f8350
Event: 6.635 Thread 0x0000021670ff2450 DEOPT UNPACKING pc=0x0000021665292b43 sp=0x000000918d7f78b0 mode 3
Event: 13.046 Thread 0x0000021670ff2450 DEOPT PACKING pc=0x000002166577c442 sp=0x000000918d7fbb40
Event: 13.046 Thread 0x0000021670ff2450 DEOPT UNPACKING pc=0x0000021665292b43 sp=0x000000918d7fb048 mode 3
Event: 14.137 Thread 0x0000021670ff2450 DEOPT PACKING pc=0x0000021665e0c699 sp=0x000000918d7fb5e0
Event: 14.137 Thread 0x0000021670ff2450 DEOPT UNPACKING pc=0x0000021665292b43 sp=0x000000918d7faac0 mode 3
Event: 14.481 Thread 0x0000021670ff2450 DEOPT PACKING pc=0x0000021665e2f334 sp=0x000000918d7fd520
Event: 14.481 Thread 0x0000021670ff2450 DEOPT UNPACKING pc=0x0000021665292b43 sp=0x000000918d7fcab0 mode 0
Event: 660.214 Thread 0x00000216729b96f0 DEOPT PACKING pc=0x0000021666096ffb sp=0x000000918e3fb340
Event: 660.214 Thread 0x00000216729b96f0 DEOPT UNPACKING pc=0x0000021665292b43 sp=0x000000918e3fa868 mode 3
Event: 875.943 Thread 0x0000021674ef4bf0 DEOPT PACKING pc=0x00000216662f226c sp=0x000000918e8f8200
Event: 875.943 Thread 0x0000021674ef4bf0 DEOPT UNPACKING pc=0x0000021665292b43 sp=0x000000918e8f77f0 mode 3

Classes unloaded (0 events):
No events

Classes redefined (0 events):
No events

Internal exceptions (20 events):
Event: 50.209 Thread 0x00000216729b96f0 Exception <a 'java/lang/ClassNotFoundException'{0x00000000864e6740}: java/lang/ObjectCustomizer> (0x00000000864e6740) 
thrown [e:\jenkins\tmp\workspace\build\src\src\hotspot\share\classfile\systemDictionary.cpp, line 256]
Event: 50.212 Thread 0x00000216729b96f0 Exception <a 'java/lang/ClassNotFoundException'{0x00000000864f4db8}: org/springframework/security/authentication/AbstractAuthenticationTokenCustomizer> (0x00000000864f4db8) 
thrown [e:\jenkins\tmp\workspace\build\src\src\hotspot\share\classfile\systemDictionary.cpp, line 256]
Event: 50.216 Thread 0x00000216729b96f0 Exception <a 'java/lang/ClassNotFoundException'{0x00000000863076b0}: org/springframework/security/authentication/UsernamePasswordAuthenticationTokenCustomizer> (0x00000000863076b0) 
thrown [e:\jenkins\tmp\workspace\build\src\src\hotspot\share\classfile\systemDictionary.cpp, line 256]
Event: 50.221 Thread 0x00000216729b96f0 Exception <a 'java/lang/ClassNotFoundException'{0x000000008631cbe8}: org/springframework/security/core/AuthenticationCustomizer> (0x000000008631cbe8) 
thrown [e:\jenkins\tmp\workspace\build\src\src\hotspot\share\classfile\systemDictionary.cpp, line 256]
Event: 50.224 Thread 0x00000216729b96f0 Exception <a 'java/lang/ClassNotFoundException'{0x0000000086328688}: java/security/PrincipalCustomizer> (0x0000000086328688) 
thrown [e:\jenkins\tmp\workspace\build\src\src\hotspot\share\classfile\systemDictionary.cpp, line 256]
Event: 50.227 Thread 0x00000216729b96f0 Exception <a 'java/lang/ClassNotFoundException'{0x0000000086334690}: org/springframework/security/core/CredentialsContainerCustomizer> (0x0000000086334690) 
thrown [e:\jenkins\tmp\workspace\build\src\src\hotspot\share\classfile\systemDictionary.cpp, line 256]
Event: 50.231 Thread 0x00000216729b96f0 Exception <a 'java/lang/ClassNotFoundException'{0x000000008633ed58}: java/lang/ObjectCustomizer> (0x000000008633ed58) 
thrown [e:\jenkins\tmp\workspace\build\src\src\hotspot\share\classfile\systemDictionary.cpp, line 256]
Event: 50.234 Thread 0x00000216729b96f0 Exception <a 'java/lang/ClassNotFoundException'{0x000000008634d1c8}: com/oikostechnologies/schedsys/security/MyUserDetailsCustomizer> (0x000000008634d1c8) 
thrown [e:\jenkins\tmp\workspace\build\src\src\hotspot\share\classfile\systemDictionary.cpp, line 256]
Event: 50.239 Thread 0x00000216729b96f0 Exception <a 'java/lang/ClassNotFoundException'{0x00000000863694d0}: org/springframework/security/core/userdetails/UserDetailsCustomizer> (0x00000000863694d0) 
thrown [e:\jenkins\tmp\workspace\build\src\src\hotspot\share\classfile\systemDictionary.cpp, line 256]
Event: 654.384 Thread 0x00000216729b7ee0 Exception <a 'java/lang/NoSuchMethodError'{0x000000008a8c9c00}: 'java.lang.Object java.lang.invoke.DirectMethodHandle$Holder.newInvokeSpecial(java.lang.Object, long)'> (0x000000008a8c9c00) 
thrown [e:\jenkins\tmp\workspace\build\src\src\hotspot\share\interpreter\linkResolver.cpp, line 766]
Event: 655.046 Thread 0x00000216729ba090 Exception <a 'java/lang/ClassNotFoundException'{0x000000008a543468}: java/lang/ObjectCustomizer> (0x000000008a543468) 
thrown [e:\jenkins\tmp\workspace\build\src\src\hotspot\share\classfile\systemDictionary.cpp, line 256]
Event: 655.049 Thread 0x00000216729ba090 Exception <a 'java/lang/ClassNotFoundException'{0x000000008a5502e8}: org/springframework/data/jpa/datatables/mapping/DataTablesInputCustomizer> (0x000000008a5502e8) 
thrown [e:\jenkins\tmp\workspace\build\src\src\hotspot\share\classfile\systemDictionary.cpp, line 256]
Event: 655.056 Thread 0x00000216729ba090 Exception <a 'java/lang/ClassNotFoundException'{0x000000008a57a0d0}: java/lang/ObjectCustomizer> (0x000000008a57a0d0) 
thrown [e:\jenkins\tmp\workspace\build\src\src\hotspot\share\classfile\systemDictionary.cpp, line 256]
Event: 655.058 Thread 0x00000216729ba090 Exception <a 'java/lang/ClassNotFoundException'{0x000000008a586b68}: org/springframework/data/jpa/datatables/mapping/ColumnCustomizer> (0x000000008a586b68) 
thrown [e:\jenkins\tmp\workspace\build\src\src\hotspot\share\classfile\systemDictionary.cpp, line 256]
Event: 655.069 Thread 0x00000216729ba090 Exception <a 'java/lang/ClassNotFoundException'{0x000000008a5cf330}: java/lang/ObjectCustomizer> (0x000000008a5cf330) 
thrown [e:\jenkins\tmp\workspace\build\src\src\hotspot\share\classfile\systemDictionary.cpp, line 256]
Event: 655.074 Thread 0x00000216729ba090 Exception <a 'java/lang/ClassNotFoundException'{0x000000008a5dbd98}: org/springframework/data/jpa/datatables/mapping/SearchCustomizer> (0x000000008a5dbd98) 
thrown [e:\jenkins\tmp\workspace\build\src\src\hotspot\share\classfile\systemDictionary.cpp, line 256]
Event: 655.088 Thread 0x00000216729ba090 Exception <a 'java/lang/ClassNotFoundException'{0x000000008a431898}: java/lang/ObjectCustomizer> (0x000000008a431898) 
thrown [e:\jenkins\tmp\workspace\build\src\src\hotspot\share\classfile\systemDictionary.cpp, line 256]
Event: 655.091 Thread 0x00000216729ba090 Exception <a 'java/lang/ClassNotFoundException'{0x000000008a43e2e8}: org/springframework/data/jpa/datatables/mapping/OrderCustomizer> (0x000000008a43e2e8) 
thrown [e:\jenkins\tmp\workspace\build\src\src\hotspot\share\classfile\systemDictionary.cpp, line 256]
Event: 655.309 Thread 0x00000216729ba090 Exception <a 'java/lang/reflect/InvocationTargetException'{0x000000008a2c6c78}> (0x000000008a2c6c78) 
thrown [e:\jenkins\tmp\workspace\build\src\src\hotspot\share\runtime\reflection.cpp, line 1121]
Event: 875.943 Thread 0x0000021674ef4bf0 Implicit null exception at 0x00000216662f161c to 0x00000216662f2267

VM Operations (20 events):
Event: 871.399 Executing VM operation: Cleanup
Event: 871.399 Executing VM operation: Cleanup done
Event: 874.426 Executing VM operation: Cleanup
Event: 874.427 Executing VM operation: Cleanup done
Event: 876.451 Executing VM operation: Cleanup
Event: 876.451 Executing VM operation: Cleanup done
Event: 892.635 Executing VM operation: Cleanup
Event: 892.635 Executing VM operation: Cleanup done
Event: 893.648 Executing VM operation: Cleanup
Event: 893.648 Executing VM operation: Cleanup done
Event: 894.662 Executing VM operation: Cleanup
Event: 894.662 Executing VM operation: Cleanup done
Event: 895.672 Executing VM operation: Cleanup
Event: 895.672 Executing VM operation: Cleanup done
Event: 900.715 Executing VM operation: Cleanup
Event: 900.715 Executing VM operation: Cleanup done
Event: 901.722 Executing VM operation: Cleanup
Event: 901.722 Executing VM operation: Cleanup done
Event: 906.779 Executing VM operation: Cleanup
Event: 906.779 Executing VM operation: Cleanup done

Events (20 events):
Event: 721.471 Thread 0x000002167509b010 Thread added: 0x000002167509b010
Event: 724.684 Thread 0x000002167509b010 Thread exited: 0x000002167509b010
Event: 730.558 Thread 0x0000021674f8e820 Thread exited: 0x0000021674f8e820
Event: 780.817 Thread 0x0000021674a67750 Thread added: 0x0000021674a67750
Event: 780.817 Thread 0x0000021674a67c60 Thread added: 0x0000021674a67c60
Event: 786.592 Thread 0x0000021674a67c60 Thread exited: 0x0000021674a67c60
Event: 786.658 Thread 0x0000021674a67c60 Thread added: 0x0000021674a67c60
Event: 791.726 Thread 0x0000021674a67c60 Thread exited: 0x0000021674a67c60
Event: 796.731 Thread 0x0000021674a67750 Thread exited: 0x0000021674a67750
Event: 815.609 Thread 0x0000021675160280 Thread added: 0x0000021675160280
Event: 820.720 Thread 0x0000021675160280 Thread exited: 0x0000021675160280
Event: 868.610 Thread 0x0000021675160280 Thread added: 0x0000021675160280
Event: 870.191 Thread 0x0000021675160280 Thread exited: 0x0000021675160280
Event: 870.907 Thread 0x0000021675160280 Thread added: 0x0000021675160280
Event: 870.907 Thread 0x0000021674a32040 Thread added: 0x0000021674a32040
Event: 873.745 Thread 0x0000021674a32040 Thread exited: 0x0000021674a32040
Event: 880.984 Thread 0x0000021675160280 Thread exited: 0x0000021675160280
Event: 895.317 Thread 0x0000021675160280 Thread added: 0x0000021675160280
Event: 895.318 Thread 0x0000021674a35570 Thread added: 0x0000021674a35570
Event: 900.411 Thread 0x0000021674a35570 Thread exited: 0x0000021674a35570


Dynamic libraries:
0x00007ff7402c0000 - 0x00007ff7402ce000 	C:\Users\user\Downloads\sts-4.13.0.RELEASE\plugins\org.eclipse.justj.openjdk.hotspot.jre.full.win32.x86_64_17.0.1.v20211116-1657\jre\bin\javaw.exe
0x00007ffb69910000 - 0x00007ffb69b05000 	C:\WINDOWS\SYSTEM32\ntdll.dll
0x00007ffb681d0000 - 0x00007ffb6828e000 	C:\WINDOWS\System32\KERNEL32.DLL
0x00007ffb67170000 - 0x00007ffb67438000 	C:\WINDOWS\System32\KERNELBASE.dll
0x00007ffb678a0000 - 0x00007ffb679a0000 	C:\WINDOWS\System32\ucrtbase.dll
0x00007ffb61850000 - 0x00007ffb61868000 	C:\Users\user\Downloads\sts-4.13.0.RELEASE\plugins\org.eclipse.justj.openjdk.hotspot.jre.full.win32.x86_64_17.0.1.v20211116-1657\jre\bin\jli.dll
0x00007ffb69730000 - 0x00007ffb698d0000 	C:\WINDOWS\System32\USER32.dll
0x00007ffb67750000 - 0x00007ffb67772000 	C:\WINDOWS\System32\win32u.dll
0x00007ffb69650000 - 0x00007ffb6967b000 	C:\WINDOWS\System32\GDI32.dll
0x00007ffb674e0000 - 0x00007ffb675eb000 	C:\WINDOWS\System32\gdi32full.dll
0x00007ffb67440000 - 0x00007ffb674dd000 	C:\WINDOWS\System32\msvcp_win.dll
0x00007ffb3cd60000 - 0x00007ffb3cd79000 	C:\Users\user\Downloads\sts-4.13.0.RELEASE\plugins\org.eclipse.justj.openjdk.hotspot.jre.full.win32.x86_64_17.0.1.v20211116-1657\jre\bin\VCRUNTIME140.dll
0x00007ffb55780000 - 0x00007ffb55a1a000 	C:\WINDOWS\WinSxS\amd64_microsoft.windows.common-controls_6595b64144ccf1df_6.0.19041.1110_none_60b5254171f9507e\COMCTL32.dll
0x00007ffb67ce0000 - 0x00007ffb67d7e000 	C:\WINDOWS\System32\msvcrt.dll
0x00007ffb679d0000 - 0x00007ffb67a00000 	C:\WINDOWS\System32\IMM32.DLL
0x00007ffb61880000 - 0x00007ffb6188c000 	C:\Users\user\Downloads\sts-4.13.0.RELEASE\plugins\org.eclipse.justj.openjdk.hotspot.jre.full.win32.x86_64_17.0.1.v20211116-1657\jre\bin\vcruntime140_1.dll
0x00007ffb27fd0000 - 0x00007ffb28061000 	C:\Users\user\Downloads\sts-4.13.0.RELEASE\plugins\org.eclipse.justj.openjdk.hotspot.jre.full.win32.x86_64_17.0.1.v20211116-1657\jre\bin\msvcp140.dll
0x00007ffb0af10000 - 0x00007ffb0bb56000 	C:\Users\user\Downloads\sts-4.13.0.RELEASE\plugins\org.eclipse.justj.openjdk.hotspot.jre.full.win32.x86_64_17.0.1.v20211116-1657\jre\bin\server\jvm.dll
0x00007ffb68410000 - 0x00007ffb684be000 	C:\WINDOWS\System32\ADVAPI32.dll
0x00007ffb68080000 - 0x00007ffb6811c000 	C:\WINDOWS\System32\sechost.dll
0x00007ffb67a00000 - 0x00007ffb67b25000 	C:\WINDOWS\System32\RPCRT4.dll
0x00007ffb688a0000 - 0x00007ffb688a8000 	C:\WINDOWS\System32\PSAPI.DLL
0x00007ffb51b10000 - 0x00007ffb51b19000 	C:\WINDOWS\SYSTEM32\WSOCK32.dll
0x00007ffb695e0000 - 0x00007ffb6964b000 	C:\WINDOWS\System32\WS2_32.dll
0x00007ffb47240000 - 0x00007ffb47267000 	C:\WINDOWS\SYSTEM32\WINMM.dll
0x00007ffb60270000 - 0x00007ffb6027a000 	C:\WINDOWS\SYSTEM32\VERSION.dll
0x00007ffb65960000 - 0x00007ffb65972000 	C:\WINDOWS\SYSTEM32\kernel.appcore.dll
0x00007ffb639d0000 - 0x00007ffb639da000 	C:\Users\user\Downloads\sts-4.13.0.RELEASE\plugins\org.eclipse.justj.openjdk.hotspot.jre.full.win32.x86_64_17.0.1.v20211116-1657\jre\bin\jimage.dll
0x00007ffb63ee0000 - 0x00007ffb640c4000 	C:\WINDOWS\SYSTEM32\DBGHELP.DLL
0x00007ffb51ab0000 - 0x00007ffb51adc000 	C:\WINDOWS\SYSTEM32\dbgcore.DLL
0x00007ffb67090000 - 0x00007ffb67112000 	C:\WINDOWS\System32\bcryptPrimitives.dll
0x00007ffb49930000 - 0x00007ffb49955000 	C:\Users\user\Downloads\sts-4.13.0.RELEASE\plugins\org.eclipse.justj.openjdk.hotspot.jre.full.win32.x86_64_17.0.1.v20211116-1657\jre\bin\java.dll
0x00007ffb617a0000 - 0x00007ffb617b8000 	C:\Users\user\Downloads\sts-4.13.0.RELEASE\plugins\org.eclipse.justj.openjdk.hotspot.jre.full.win32.x86_64_17.0.1.v20211116-1657\jre\bin\zip.dll
0x00007ffb68db0000 - 0x00007ffb694f4000 	C:\WINDOWS\System32\SHELL32.dll
0x00007ffb64760000 - 0x00007ffb64ef4000 	C:\WINDOWS\SYSTEM32\windows.storage.dll
0x00007ffb684c0000 - 0x00007ffb68814000 	C:\WINDOWS\System32\combase.dll
0x00007ffb66a10000 - 0x00007ffb66a3c000 	C:\WINDOWS\SYSTEM32\Wldp.dll
0x00007ffb69680000 - 0x00007ffb6972d000 	C:\WINDOWS\System32\SHCORE.dll
0x00007ffb683b0000 - 0x00007ffb68405000 	C:\WINDOWS\System32\shlwapi.dll
0x00007ffb66fd0000 - 0x00007ffb66fef000 	C:\WINDOWS\SYSTEM32\profapi.dll
0x00007ffb552d0000 - 0x00007ffb552e9000 	C:\Users\user\Downloads\sts-4.13.0.RELEASE\plugins\org.eclipse.justj.openjdk.hotspot.jre.full.win32.x86_64_17.0.1.v20211116-1657\jre\bin\net.dll
0x00007ffb55ae0000 - 0x00007ffb55be9000 	C:\WINDOWS\SYSTEM32\WINHTTP.dll
0x00007ffb66780000 - 0x00007ffb667ea000 	C:\WINDOWS\system32\mswsock.dll
0x00007ffb49910000 - 0x00007ffb49925000 	C:\Users\user\Downloads\sts-4.13.0.RELEASE\plugins\org.eclipse.justj.openjdk.hotspot.jre.full.win32.x86_64_17.0.1.v20211116-1657\jre\bin\nio.dll
0x00007ffb5fff0000 - 0x00007ffb5fff9000 	C:\Users\user\Downloads\sts-4.13.0.RELEASE\plugins\org.eclipse.justj.openjdk.hotspot.jre.full.win32.x86_64_17.0.1.v20211116-1657\jre\bin\management.dll
0x00007ffb5d010000 - 0x00007ffb5d01b000 	C:\Users\user\Downloads\sts-4.13.0.RELEASE\plugins\org.eclipse.justj.openjdk.hotspot.jre.full.win32.x86_64_17.0.1.v20211116-1657\jre\bin\management_ext.dll
0x00007ffb4d470000 - 0x00007ffb4d487000 	C:\WINDOWS\system32\napinsp.dll
0x00007ffb4d450000 - 0x00007ffb4d46b000 	C:\WINDOWS\system32\pnrpnsp.dll
0x00007ffb61cf0000 - 0x00007ffb61d0d000 	C:\WINDOWS\system32\NLAapi.dll
0x00007ffb66470000 - 0x00007ffb664ab000 	C:\WINDOWS\SYSTEM32\IPHLPAPI.DLL
0x00007ffb4d430000 - 0x00007ffb4d445000 	C:\WINDOWS\system32\wshbth.dll
0x00007ffb664b0000 - 0x00007ffb6657a000 	C:\WINDOWS\SYSTEM32\DNSAPI.dll
0x00007ffb695d0000 - 0x00007ffb695d8000 	C:\WINDOWS\System32\NSI.dll
0x00007ffb4d410000 - 0x00007ffb4d422000 	C:\WINDOWS\System32\winrnr.dll
0x00007ffb55770000 - 0x00007ffb5577a000 	C:\Windows\System32\rasadhlp.dll
0x00007ffb55d50000 - 0x00007ffb55dcf000 	C:\WINDOWS\System32\fwpuclnt.dll
0x00007ffb679a0000 - 0x00007ffb679c7000 	C:\WINDOWS\System32\bcrypt.dll
0x00007ffb66970000 - 0x00007ffb66988000 	C:\WINDOWS\SYSTEM32\CRYPTSP.dll
0x00007ffb66100000 - 0x00007ffb66134000 	C:\WINDOWS\system32\rsaenh.dll
0x00007ffb66f90000 - 0x00007ffb66fbe000 	C:\WINDOWS\SYSTEM32\USERENV.dll
0x00007ffb66ec0000 - 0x00007ffb66ecc000 	C:\WINDOWS\SYSTEM32\CRYPTBASE.dll
0x00007ffb5ce60000 - 0x00007ffb5ce77000 	C:\WINDOWS\SYSTEM32\dhcpcsvc6.DLL
0x00007ffb5d8f0000 - 0x00007ffb5d90d000 	C:\WINDOWS\SYSTEM32\dhcpcsvc.DLL
0x00007ffb618a0000 - 0x00007ffb618b0000 	C:\Users\user\Downloads\sts-4.13.0.RELEASE\plugins\org.eclipse.justj.openjdk.hotspot.jre.full.win32.x86_64_17.0.1.v20211116-1657\jre\bin\verify.dll
0x00007ffb61840000 - 0x00007ffb6184e000 	C:\Users\user\Downloads\sts-4.13.0.RELEASE\plugins\org.eclipse.justj.openjdk.hotspot.jre.full.win32.x86_64_17.0.1.v20211116-1657\jre\bin\sunmscapi.dll
0x00007ffb675f0000 - 0x00007ffb67746000 	C:\WINDOWS\System32\CRYPT32.dll
0x00007ffb66a80000 - 0x00007ffb66aa7000 	C:\WINDOWS\SYSTEM32\ncrypt.dll
0x00007ffb66a40000 - 0x00007ffb66a7b000 	C:\WINDOWS\SYSTEM32\NTASN1.dll
0x00007ffb5ccb0000 - 0x00007ffb5ccb7000 	C:\WINDOWS\system32\wshunix.dll

dbghelp: loaded successfully - version: 4.0.5 - missing functions: none
symbol engine: initialized successfully - sym options: 0x614 - pdb path: .;C:\Users\user\Downloads\sts-4.13.0.RELEASE\plugins\org.eclipse.justj.openjdk.hotspot.jre.full.win32.x86_64_17.0.1.v20211116-1657\jre\bin;C:\WINDOWS\SYSTEM32;C:\WINDOWS\WinSxS\amd64_microsoft.windows.common-controls_6595b64144ccf1df_6.0.19041.1110_none_60b5254171f9507e;C:\Users\user\Downloads\sts-4.13.0.RELEASE\plugins\org.eclipse.justj.openjdk.hotspot.jre.full.win32.x86_64_17.0.1.v20211116-1657\jre\bin\server

VM Arguments:
jvm_args: -Dcom.sun.management.jmxremote -Dcom.sun.management.jmxremote.port=65234 -Dcom.sun.management.jmxremote.authenticate=false -Dcom.sun.management.jmxremote.ssl=false -Djava.rmi.server.hostname=localhost -Dspring.jmx.enabled=true -Dspring.application.admin.enabled=true -XX:TieredStopAtLevel=1 -Dspring.boot.project.name=SchedSys -Dfile.encoding=UTF-8 -XX:+ShowCodeDetailsInExceptionMessages 
java_command: com.oikostechnologies.schedsys.SchedSysApplication --spring.output.ansi.enabled=always
java_class_path (initial): C:\Users\user\Documents\Oikos Projects\SchedSys\target\classes;C:\Users\user\.m2\repository\org\springframework\boot\spring-boot-starter-data-jpa\2.6.3\spring-boot-starter-data-jpa-2.6.3.jar;C:\Users\user\.m2\repository\org\springframework\boot\spring-boot-starter-aop\2.6.3\spring-boot-starter-aop-2.6.3.jar;C:\Users\user\.m2\repository\org\aspectj\aspectjweaver\1.9.7\aspectjweaver-1.9.7.jar;C:\Users\user\.m2\repository\org\springframework\boot\spring-boot-starter-jdbc\2.6.3\spring-boot-starter-jdbc-2.6.3.jar;C:\Users\user\.m2\repository\com\zaxxer\HikariCP\4.0.3\HikariCP-4.0.3.jar;C:\Users\user\.m2\repository\org\springframework\spring-jdbc\5.3.15\spring-jdbc-5.3.15.jar;C:\Users\user\.m2\repository\jakarta\transaction\jakarta.transaction-api\1.3.3\jakarta.transaction-api-1.3.3.jar;C:\Users\user\.m2\repository\jakarta\persistence\jakarta.persistence-api\2.2.3\jakarta.persistence-api-2.2.3.jar;C:\Users\user\.m2\repository\org\hibernate\hibernate-core\5.6.4.Final\hibernate-core-5.6.4.Final.jar;C:\Users\user\.m2\repository\org\jboss\logging\jboss-logging\3.4.3.Final\jboss-logging-3.4.3.Final.jar;C:\Users\user\.m2\repository\net\bytebuddy\byte-buddy\1.11.22\byte-buddy-1.11.22.jar;C:\Users\user\.m2\repository\antlr\antlr\2.7.7\antlr-2.7.7.jar;C:\Users\user\.m2\repository\org\jboss\jandex\2.4.2.Final\jandex-2.4.2.Final.jar;C:\Users\user\.m2\repository\com\fasterxml\classmate\1.5.1\classmate-1.5.1.jar;C:\Users\user\.m2\repository\org\hibernate\common\hibernate-commons-annotations\5.1.2.Final\hibernate-commons-annotations-5.1.2.Final.jar;C:\Users\user\.m2\repository\org\glassfish\jaxb\jaxb-runtime\2.3.5\jaxb-runtime-2.3.5.jar;C:\Users\user\.m2\repository\org\glassfish\jaxb\txw2\2.3.5\txw2-2.3.5.jar;C:\Users\user\.m2\repository\com\sun\istack\istack-commons-runtime\3.0.12\istack-commons-runtime-3.0.12.jar;C:\Users\user\.m2\repository\org\springframework\data\spring-data-jpa\2.6.1\spring-data-jpa-2.6.1.jar;C:\Users\user\.m2\repository\org\springfra
Launcher Type: SUN_STANDARD

[Global flags]
     intx CICompilerCount                          = 3                                         {product} {ergonomic}
     uint ConcGCThreads                            = 1                                         {product} {ergonomic}
     uint G1ConcRefinementThreads                  = 4                                         {product} {ergonomic}
   size_t G1HeapRegionSize                         = 1048576                                   {product} {ergonomic}
    uintx GCDrainStackTargetSize                   = 64                                        {product} {ergonomic}
   size_t InitialHeapSize                          = 134217728                                 {product} {ergonomic}
     bool ManagementServer                         = true                                      {product} {command line}
   size_t MarkStackSize                            = 4194304                                   {product} {ergonomic}
   size_t MaxHeapSize                              = 2118123520                                {product} {ergonomic}
   size_t MaxNewSize                               = 1270874112                                {product} {ergonomic}
   size_t MinHeapDeltaBytes                        = 1048576                                   {product} {ergonomic}
   size_t MinHeapSize                              = 8388608                                   {product} {ergonomic}
    uintx NonProfiledCodeHeapSize                  = 0                                      {pd product} {ergonomic}
     bool ProfileInterpreter                       = false                                  {pd product} {command line}
    uintx ProfiledCodeHeapSize                     = 0                                      {pd product} {ergonomic}
     bool ShowCodeDetailsInExceptionMessages       = true                                   {manageable} {command line}
   size_t SoftMaxHeapSize                          = 2118123520                             {manageable} {ergonomic}
     intx TieredStopAtLevel                        = 1                                         {product} {command line}
     bool UseCompressedClassPointers               = true                           {product lp64_product} {ergonomic}
     bool UseCompressedOops                        = true                           {product lp64_product} {ergonomic}
     bool UseG1GC                                  = true                                      {product} {ergonomic}
     bool UseLargePagesIndividualAllocation        = false                                  {pd product} {ergonomic}

Logging:
Log output configuration:
 #0: stdout all=warning uptime,level,tags
 #1: stderr all=off uptime,level,tags

Environment Variables:
JAVA_HOME=C:\Program Files\Java\jdk-17.0.1\
PATH=C:/Users/user/Downloads/sts-4.13.0.RELEASE//plugins/org.eclipse.justj.openjdk.hotspot.jre.full.win32.x86_64_17.0.1.v20211116-1657/jre/bin/server;C:/Users/user/Downloads/sts-4.13.0.RELEASE//plugins/org.eclipse.justj.openjdk.hotspot.jre.full.win32.x86_64_17.0.1.v20211116-1657/jre/bin;C:\Program Files\heroku\bin;C:\Program Files\nodejs\;C:\Program Files\Git\cmd;C:\Program Files\PostgreSQL\14\bin;C:\Windows\System32;;C:\Program Files\Microsoft VS Code\bin;C:\Program Files\Java\jdk-17.0.1\bin;C:\Users\user\AppData\Roaming\npm;C:\Users\user\AppData\Local\Programs\mongosh\;C:\Program Files\PostgreSQL\14\bin;;C:\WINDOWS\system32;
USERNAME=user
OS=Windows_NT
PROCESSOR_IDENTIFIER=Intel64 Family 6 Model 78 Stepping 3, GenuineIntel



---------------  S Y S T E M  ---------------

OS:
 Windows 10 , 64 bit Build 19041 (10.0.19041.1566)
OS uptime: 0 days 16:51 hours

CPU: total 4 (initial active 4) (2 cores per cpu, 2 threads per core) family 6 model 78 stepping 3 microcode 0xea, cx8, cmov, fxsr, ht, mmx, 3dnowpref, sse, sse2, sse3, ssse3, sse4.1, sse4.2, popcnt, lzcnt, tsc, tscinvbit, avx, avx2, aes, erms, clmul, bmi1, bmi2, rtm, adx, fma, vzeroupper, clflush, clflushopt

Memory: 4k page, system-wide physical 8075M (1248M free)
TotalPageFile size 13707M (AvailPageFile size 3075M)
current process WorkingSet (physical memory assigned to process): 301M, peak: 301M
current process commit charge ("private bytes"): 330M, peak: 330M

vm_info: OpenJDK 64-Bit Server VM (17.0.1+12) for windows-amd64 JRE (17.0.1+12), built on Oct 20 2021 07:42:55 by "" with MS VC++ 16.7 (VS2019)

END.
